<?xml version="1.0" encoding="UTF-8"?>
<!-- Generated by org.testng.reporters.JUnitReportReporter -->
<testsuite hostname="Jayass-MacBook-Air.local" failures="0" tests="2" name="com.qa.tests.GetCallTest" time="0.935" errors="0" timestamp="2023-01-25T16:23:54 IST" skipped="0">
  <testcase classname="com.qa.tests.GetCallTest" name="getAPItest" time="0.787"/>
  <system-out/>
  <testcase classname="com.qa.tests.GetCallTest" name="getAPITestWithHeaders" time="0.148"/>
  <system-out/>
</testsuite> <!-- com.qa.tests.GetCallTest -->
