<?xml version="1.0" encoding="UTF-8"?>
<!-- Generated by org.testng.reporters.JUnitReportReporter -->
<testsuite hostname="Jayass-MacBook-Air.local" failures="0" tests="1" name="com.qa.tests.PostCallTest" time="1.367" errors="0" timestamp="2023-01-25T20:53:47 IST" skipped="0">
  <testcase classname="com.qa.tests.PostCallTest" name="postAPITest" time="1.367"/>
  <system-out/>
</testsuite> <!-- com.qa.tests.PostCallTest -->
